\BOOKMARK [1][-]{section.1}{\376\377\000I\000n\000t\000r\000o\000d\000u\000c\000t\000i\000o\000n}{}% 1
\BOOKMARK [1][-]{section.2}{\376\377\000M\000e\000t\000h\000o\000d\000s}{}% 2
\BOOKMARK [2][-]{subsection.2.1}{\376\377\000D\000a\000t\000a\000\040\000D\000e\000s\000c\000r\000i\000p\000t\000i\000o\000n}{section.2}% 3
\BOOKMARK [2][-]{subsection.2.2}{\376\377\000S\000t\000a\000t\000i\000s\000t\000i\000c\000a\000l\000\040\000m\000o\000d\000e\000l}{section.2}% 4
\BOOKMARK [2][-]{subsection.2.3}{\376\377\000M\000o\000d\000e\000l\000i\000n\000g\000\040\000S\000t\000r\000a\000t\000e\000g\000y}{section.2}% 5
\BOOKMARK [3][-]{subsubsection.2.3.1}{\376\377\000M\000o\000d\000e\000l\000i\000n\000g\000\040\000P\000A\000S\000\040\000s\000t\000r\000a\000i\000n}{subsection.2.3}% 6
\BOOKMARK [3][-]{subsubsection.2.3.2}{\376\377\000M\000o\000d\000e\000l\000i\000n\000g\000\040\000s\000t\000r\000a\000i\000n\000\040\000e\000f\000f\000e\000c\000t}{subsection.2.3}% 7
\BOOKMARK [3][-]{subsubsection.2.3.3}{\376\377\000M\000o\000d\000e\000l\000i\000n\000g\000\040\000P\000A\000S\000\040\000s\000t\000r\000a\000i\000n\000\040\000u\000n\000d\000e\000r\000\040\000a\000n\000t\000i\000b\000i\000o\000t\000i\000c\000\040\000t\000r\000e\000a\000t\000m\000e\000n\000t}{subsection.2.3}% 8
\BOOKMARK [2][-]{subsection.2.4}{\376\377\000M\000o\000d\000e\000l\000\040\000s\000e\000l\000e\000c\000t\000i\000o\000n\000\040\000a\000n\000d\000\040\000e\000v\000a\000l\000u\000a\000t\000i\000o\000n}{section.2}% 9
\BOOKMARK [2][-]{subsection.2.5}{\376\377\000S\000i\000m\000u\000l\000a\000t\000i\000o\000n\000s}{section.2}% 10
\BOOKMARK [1][-]{section.3}{\376\377\000R\000e\000s\000u\000l\000t\000s}{}% 11
\BOOKMARK [2][-]{subsection.3.1}{\376\377\000D\000a\000t\000a}{section.3}% 12
\BOOKMARK [2][-]{subsection.3.2}{\376\377\000M\000o\000d\000e\000l\000\040\000S\000e\000l\000e\000c\000t\000i\000o\000n}{section.3}% 13
\BOOKMARK [2][-]{subsection.3.3}{\376\377\000F\000i\000n\000a\000l\000\040\000M\000o\000d\000e\000l\000s\000\040\000a\000n\000d\000\040\000E\000s\000t\000i\000m\000a\000t\000e\000d\000\040\000P\000a\000r\000a\000m\000e\000t\000e\000r\000s}{section.3}% 14
\BOOKMARK [3][-]{subsubsection.3.3.1}{\376\377\000M\000o\000d\000e\000l\000\040\000f\000o\000r\000\040\000P\000A\000S\000\040\000s\000t\000r\000a\000i\000n}{subsection.3.3}% 15
\BOOKMARK [3][-]{subsubsection.3.3.2}{\376\377\000M\000o\000d\000e\000l\000\040\000w\000i\000t\000h\000\040\000d\000i\000f\000f\000e\000r\000e\000n\000t\000\040\000s\000t\000r\000a\000i\000n\000s\000\040\000w\000i\000t\000h\000o\000u\000t\000\040\000a\000n\000t\000i\000b\000i\000o\000t\000i\000c}{subsection.3.3}% 16
\BOOKMARK [2][-]{subsection.3.4}{\376\377\000S\000i\000m\000u\000l\000a\000t\000i\000o\000n\000s\000\040\000s\000t\000r\000a\000i\000n\000s\000\040\000w\000i\000t\000h\000o\000u\000t\000\040\000a\000n\000t\000i\000b\000i\000o\000t\000i\000c\000\040\000t\000r\000e\000a\000t\000m\000e\000n\000t}{section.3}% 17
\BOOKMARK [3][-]{subsubsection.3.4.1}{\376\377\000M\000o\000d\000e\000l\000\040\000w\000i\000t\000h\000\040\000a\000n\000t\000i\000b\000i\000o\000t\000i\000c\000\040\000P\000A\000S\000\040\000s\000t\000r\000a\000i\000n}{subsection.3.4}% 18
\BOOKMARK [1][-]{section.4}{\376\377\000D\000i\000s\000c\000u\000s\000s\000i\000o\000n\000s}{}% 19
\BOOKMARK [1][-]{section.5}{\376\377\000C\000o\000n\000c\000l\000u\000s\000i\000o\000n\000s}{}% 20
\BOOKMARK [1][-]{section.6}{\376\377\000B\000i\000b\000l\000i\000o\000g\000r\000a\000p\000h\000y}{}% 21
\BOOKMARK [1][-]{appendix.A}{\376\377\000D\000a\000t\000a}{}% 22
\BOOKMARK [2][-]{subsection.A.1}{\376\377\000M\000o\000d\000e\000l\000\040\000e\000v\000a\000l\000u\000a\000t\000i\000o\000n}{appendix.A}% 23
\BOOKMARK [3][-]{subsubsection.A.1.1}{\376\377\000E\000t\000h\000i\000c\000s\000\040\000S\000t\000a\000t\000e\000m\000e\000n\000t}{subsection.A.1}% 24
\BOOKMARK [1][-]{appendix.B}{\376\377\000F\000o\000r\000\040\000S\000l\000i\000d\000e\000s}{}% 25
